[2024-12-04T18:29:01.033+0000] {manager.py:483} INFO - Processing files using up to 1 processes at a time 
[2024-12-04T18:29:01.033+0000] {manager.py:484} INFO - Process each file at most once every 30 seconds
[2024-12-04T18:29:01.033+0000] {manager.py:485} INFO - Checking for new files in /opt/airflow/dags every 300 seconds
[2024-12-04T18:29:01.034+0000] {manager.py:821} INFO - Searching for files in /opt/airflow/dags
[2024-12-04T18:29:01.034+0000] {manager.py:824} INFO - There are 0 files in /opt/airflow/dags
[2024-12-04T18:34:01.081+0000] {manager.py:821} INFO - Searching for files in /opt/airflow/dags
[2024-12-04T18:34:01.195+0000] {manager.py:824} INFO - There are 1 files in /opt/airflow/dags
[2024-12-04T18:34:02.301+0000] {manager.py:997} INFO - 
================================================================================
DAG File Processing Stats

File Path                         PID    Runtime      # DAGs    # Errors  Last Runtime    Last Run               Last # of DB Queries
--------------------------------  -----  ---------  --------  ----------  --------------  -------------------  ----------------------
/opt/airflow/dags/welcome_dag.py                           1           0  0.58s           2024-12-04T18:34:01                      45
================================================================================
[2024-12-04T18:34:32.627+0000] {manager.py:997} INFO - 
================================================================================
DAG File Processing Stats

File Path                         PID    Runtime      # DAGs    # Errors  Last Runtime    Last Run               Last # of DB Queries
--------------------------------  -----  ---------  --------  ----------  --------------  -------------------  ----------------------
/opt/airflow/dags/welcome_dag.py                           1           0  0.14s           2024-12-04T18:34:32                      12
================================================================================
[2024-12-04T18:35:03.163+0000] {manager.py:997} INFO - 
================================================================================
DAG File Processing Stats

File Path                         PID    Runtime      # DAGs    # Errors  Last Runtime    Last Run               Last # of DB Queries
--------------------------------  -----  ---------  --------  ----------  --------------  -------------------  ----------------------
/opt/airflow/dags/welcome_dag.py                           1           0  0.12s           2024-12-04T18:35:03                      12
================================================================================
[2024-12-04T18:35:34.287+0000] {manager.py:997} INFO - 
================================================================================
DAG File Processing Stats

File Path                         PID    Runtime      # DAGs    # Errors  Last Runtime    Last Run               Last # of DB Queries
--------------------------------  -----  ---------  --------  ----------  --------------  -------------------  ----------------------
/opt/airflow/dags/welcome_dag.py                           1           0  0.23s           2024-12-04T18:35:34                      12
================================================================================
[2024-12-04T18:36:04.668+0000] {manager.py:997} INFO - 
================================================================================
DAG File Processing Stats

File Path                         PID    Runtime      # DAGs    # Errors  Last Runtime    Last Run               Last # of DB Queries
--------------------------------  -----  ---------  --------  ----------  --------------  -------------------  ----------------------
/opt/airflow/dags/welcome_dag.py                           1           0  0.13s           2024-12-04T18:36:04                      12
================================================================================
[2024-12-04T18:36:34.801+0000] {manager.py:997} INFO - 
================================================================================
DAG File Processing Stats

File Path                         PID    Runtime      # DAGs    # Errors  Last Runtime    Last Run               Last # of DB Queries
--------------------------------  -----  ---------  --------  ----------  --------------  -------------------  ----------------------
/opt/airflow/dags/welcome_dag.py                           1           0  0.23s           2024-12-04T18:36:29                      12
================================================================================
[2024-12-04T18:37:04.938+0000] {manager.py:997} INFO - 
================================================================================
DAG File Processing Stats

File Path                         PID    Runtime      # DAGs    # Errors  Last Runtime    Last Run               Last # of DB Queries
--------------------------------  -----  ---------  --------  ----------  --------------  -------------------  ----------------------
/opt/airflow/dags/welcome_dag.py                           1           0  0.12s           2024-12-04T18:36:59                      12
================================================================================
[2024-12-04T18:37:35.068+0000] {manager.py:997} INFO - 
================================================================================
DAG File Processing Stats

File Path                         PID    Runtime      # DAGs    # Errors  Last Runtime    Last Run               Last # of DB Queries
--------------------------------  -----  ---------  --------  ----------  --------------  -------------------  ----------------------
/opt/airflow/dags/welcome_dag.py                           1           0  0.23s           2024-12-04T18:37:28                      12
================================================================================
[2024-12-04T18:38:05.197+0000] {manager.py:997} INFO - 
================================================================================
DAG File Processing Stats

File Path                         PID    Runtime      # DAGs    # Errors  Last Runtime    Last Run               Last # of DB Queries
--------------------------------  -----  ---------  --------  ----------  --------------  -------------------  ----------------------
/opt/airflow/dags/welcome_dag.py                           1           0  0.23s           2024-12-04T18:37:58                      12
================================================================================
[2024-12-04T18:38:35.330+0000] {manager.py:997} INFO - 
================================================================================
DAG File Processing Stats

File Path                         PID    Runtime      # DAGs    # Errors  Last Runtime    Last Run               Last # of DB Queries
--------------------------------  -----  ---------  --------  ----------  --------------  -------------------  ----------------------
/opt/airflow/dags/welcome_dag.py                           1           0  0.24s           2024-12-04T18:38:29                      12
================================================================================
[2024-12-04T18:39:01.587+0000] {manager.py:821} INFO - Searching for files in /opt/airflow/dags
[2024-12-04T18:39:01.597+0000] {manager.py:824} INFO - There are 1 files in /opt/airflow/dags
[2024-12-04T18:39:05.348+0000] {manager.py:997} INFO - 
================================================================================
DAG File Processing Stats

File Path                         PID    Runtime      # DAGs    # Errors  Last Runtime    Last Run               Last # of DB Queries
--------------------------------  -----  ---------  --------  ----------  --------------  -------------------  ----------------------
/opt/airflow/dags/welcome_dag.py                           1           0  0.24s           2024-12-04T18:38:59                      12
================================================================================
[2024-12-04T18:39:35.492+0000] {manager.py:997} INFO - 
================================================================================
DAG File Processing Stats

File Path                         PID    Runtime      # DAGs    # Errors  Last Runtime    Last Run               Last # of DB Queries
--------------------------------  -----  ---------  --------  ----------  --------------  -------------------  ----------------------
/opt/airflow/dags/welcome_dag.py                           1           0  0.23s           2024-12-04T18:39:23                      12
================================================================================
[2024-12-04T18:40:05.689+0000] {manager.py:997} INFO - 
================================================================================
DAG File Processing Stats

File Path                         PID    Runtime      # DAGs    # Errors  Last Runtime    Last Run               Last # of DB Queries
--------------------------------  -----  ---------  --------  ----------  --------------  -------------------  ----------------------
/opt/airflow/dags/welcome_dag.py                           1           0  0.22s           2024-12-04T18:39:58                      12
================================================================================
[2024-12-04T18:40:35.810+0000] {manager.py:997} INFO - 
================================================================================
DAG File Processing Stats

File Path                         PID    Runtime      # DAGs    # Errors  Last Runtime    Last Run               Last # of DB Queries
--------------------------------  -----  ---------  --------  ----------  --------------  -------------------  ----------------------
/opt/airflow/dags/welcome_dag.py                           1           0  0.23s           2024-12-04T18:40:28                      12
================================================================================
[2024-12-04T18:41:05.925+0000] {manager.py:997} INFO - 
================================================================================
DAG File Processing Stats

File Path                         PID    Runtime      # DAGs    # Errors  Last Runtime    Last Run               Last # of DB Queries
--------------------------------  -----  ---------  --------  ----------  --------------  -------------------  ----------------------
/opt/airflow/dags/welcome_dag.py                           1           0  0.24s           2024-12-04T18:40:59                      12
================================================================================
[2024-12-04T18:41:36.043+0000] {manager.py:997} INFO - 
================================================================================
DAG File Processing Stats

File Path                         PID    Runtime      # DAGs    # Errors  Last Runtime    Last Run               Last # of DB Queries
--------------------------------  -----  ---------  --------  ----------  --------------  -------------------  ----------------------
/opt/airflow/dags/welcome_dag.py                           1           0  0.24s           2024-12-04T18:41:29                      12
================================================================================
[2024-12-04T18:42:06.184+0000] {manager.py:997} INFO - 
================================================================================
DAG File Processing Stats

File Path                         PID    Runtime      # DAGs    # Errors  Last Runtime    Last Run               Last # of DB Queries
--------------------------------  -----  ---------  --------  ----------  --------------  -------------------  ----------------------
/opt/airflow/dags/welcome_dag.py                           1           0  0.25s           2024-12-04T18:42:00                      12
================================================================================
[2024-12-04T18:42:36.283+0000] {manager.py:997} INFO - 
================================================================================
DAG File Processing Stats

File Path                         PID    Runtime      # DAGs    # Errors  Last Runtime    Last Run               Last # of DB Queries
--------------------------------  -----  ---------  --------  ----------  --------------  -------------------  ----------------------
/opt/airflow/dags/welcome_dag.py                           1           0  0.23s           2024-12-04T18:42:31                      12
================================================================================
[2024-12-04T18:43:06.434+0000] {manager.py:997} INFO - 
================================================================================
DAG File Processing Stats

File Path                         PID    Runtime      # DAGs    # Errors  Last Runtime    Last Run               Last # of DB Queries
--------------------------------  -----  ---------  --------  ----------  --------------  -------------------  ----------------------
/opt/airflow/dags/welcome_dag.py                           1           0  0.31s           2024-12-04T18:43:01                      12
================================================================================
[2024-12-04T18:43:36.536+0000] {manager.py:997} INFO - 
================================================================================
DAG File Processing Stats

File Path                         PID    Runtime      # DAGs    # Errors  Last Runtime    Last Run               Last # of DB Queries
--------------------------------  -----  ---------  --------  ----------  --------------  -------------------  ----------------------
/opt/airflow/dags/welcome_dag.py                           1           0  0.25s           2024-12-04T18:43:32                      12
================================================================================
[2024-12-04T18:44:02.047+0000] {manager.py:821} INFO - Searching for files in /opt/airflow/dags
[2024-12-04T18:44:02.061+0000] {manager.py:824} INFO - There are 1 files in /opt/airflow/dags
[2024-12-04T18:44:06.706+0000] {manager.py:997} INFO - 
================================================================================
DAG File Processing Stats

File Path                         PID    Runtime      # DAGs    # Errors  Last Runtime    Last Run               Last # of DB Queries
--------------------------------  -----  ---------  --------  ----------  --------------  -------------------  ----------------------
/opt/airflow/dags/welcome_dag.py                           1           0  0.23s           2024-12-04T18:44:03                      12
================================================================================
[2024-12-04T18:44:36.788+0000] {manager.py:997} INFO - 
================================================================================
DAG File Processing Stats

File Path                         PID    Runtime      # DAGs    # Errors  Last Runtime    Last Run               Last # of DB Queries
--------------------------------  -----  ---------  --------  ----------  --------------  -------------------  ----------------------
/opt/airflow/dags/welcome_dag.py                           1           0  0.12s           2024-12-04T18:44:15                      12
================================================================================
[2024-12-04T18:45:06.913+0000] {manager.py:997} INFO - 
================================================================================
DAG File Processing Stats

File Path                         PID    Runtime      # DAGs    # Errors  Last Runtime    Last Run               Last # of DB Queries
--------------------------------  -----  ---------  --------  ----------  --------------  -------------------  ----------------------
/opt/airflow/dags/welcome_dag.py                           1           0  0.23s           2024-12-04T18:44:47                      12
================================================================================
[2024-12-04T18:45:37.067+0000] {manager.py:997} INFO - 
================================================================================
DAG File Processing Stats

File Path                         PID    Runtime      # DAGs    # Errors  Last Runtime    Last Run               Last # of DB Queries
--------------------------------  -----  ---------  --------  ----------  --------------  -------------------  ----------------------
/opt/airflow/dags/welcome_dag.py                           1           0  0.23s           2024-12-04T18:45:36                      12
================================================================================
[2024-12-04T18:46:07.193+0000] {manager.py:997} INFO - 
================================================================================
DAG File Processing Stats

File Path                         PID    Runtime      # DAGs    # Errors  Last Runtime    Last Run               Last # of DB Queries
--------------------------------  -----  ---------  --------  ----------  --------------  -------------------  ----------------------
/opt/airflow/dags/welcome_dag.py                           1           0  0.23s           2024-12-04T18:46:06                      12
================================================================================
[2024-12-04T18:46:37.323+0000] {manager.py:997} INFO - 
================================================================================
DAG File Processing Stats

File Path                         PID    Runtime      # DAGs    # Errors  Last Runtime    Last Run               Last # of DB Queries
--------------------------------  -----  ---------  --------  ----------  --------------  -------------------  ----------------------
/opt/airflow/dags/welcome_dag.py                           1           0  0.24s           2024-12-04T18:46:37                      12
================================================================================
