[2024-12-04T18:34:01.402+0000] {processor.py:186} INFO - Started process (PID=76) to work on /opt/airflow/dags/welcome_dag.py
[2024-12-04T18:34:01.404+0000] {processor.py:914} INFO - Processing file /opt/airflow/dags/welcome_dag.py for tasks to queue
[2024-12-04T18:34:01.422+0000] {logging_mixin.py:190} INFO - [2024-12-04T18:34:01.417+0000] {dagbag.py:588} INFO - Filling up the DagBag from /opt/airflow/dags/welcome_dag.py
[2024-12-04T18:34:01.524+0000] {processor.py:925} INFO - DAG(s) 'welcome_dag' retrieved from /opt/airflow/dags/welcome_dag.py
[2024-12-04T18:34:01.716+0000] {logging_mixin.py:190} INFO - [2024-12-04T18:34:01.715+0000] {override.py:1911} INFO - Created Permission View: can edit on DAG:welcome_dag
[2024-12-04T18:34:01.725+0000] {logging_mixin.py:190} INFO - [2024-12-04T18:34:01.725+0000] {override.py:1911} INFO - Created Permission View: can read on DAG:welcome_dag
[2024-12-04T18:34:01.747+0000] {logging_mixin.py:190} INFO - [2024-12-04T18:34:01.746+0000] {override.py:1911} INFO - Created Permission View: can delete on DAG:welcome_dag
[2024-12-04T18:34:01.760+0000] {logging_mixin.py:190} INFO - [2024-12-04T18:34:01.760+0000] {override.py:1911} INFO - Created Permission View: menu access on DAG Run:welcome_dag
[2024-12-04T18:34:01.768+0000] {logging_mixin.py:190} INFO - [2024-12-04T18:34:01.768+0000] {override.py:1911} INFO - Created Permission View: can read on DAG Run:welcome_dag
[2024-12-04T18:34:01.774+0000] {logging_mixin.py:190} INFO - [2024-12-04T18:34:01.774+0000] {override.py:1911} INFO - Created Permission View: can delete on DAG Run:welcome_dag
[2024-12-04T18:34:01.781+0000] {logging_mixin.py:190} INFO - [2024-12-04T18:34:01.781+0000] {override.py:1911} INFO - Created Permission View: can create on DAG Run:welcome_dag
[2024-12-04T18:34:01.782+0000] {logging_mixin.py:190} INFO - [2024-12-04T18:34:01.782+0000] {dag.py:3239} INFO - Sync 1 DAGs
[2024-12-04T18:34:01.793+0000] {logging_mixin.py:190} INFO - [2024-12-04T18:34:01.793+0000] {dag.py:3262} INFO - Creating ORM DAG for welcome_dag
[2024-12-04T18:34:01.815+0000] {logging_mixin.py:190} INFO - [2024-12-04T18:34:01.815+0000] {dag.py:4180} INFO - Setting next_dagrun for welcome_dag to 2024-12-03 23:00:00+00:00, run_after=2024-12-04 23:00:00+00:00
[2024-12-04T18:34:01.838+0000] {processor.py:208} INFO - Processing /opt/airflow/dags/welcome_dag.py took 0.451 seconds
[2024-12-04T18:34:32.536+0000] {processor.py:186} INFO - Started process (PID=77) to work on /opt/airflow/dags/welcome_dag.py
[2024-12-04T18:34:32.538+0000] {processor.py:914} INFO - Processing file /opt/airflow/dags/welcome_dag.py for tasks to queue
[2024-12-04T18:34:32.546+0000] {logging_mixin.py:190} INFO - [2024-12-04T18:34:32.546+0000] {dagbag.py:588} INFO - Filling up the DagBag from /opt/airflow/dags/welcome_dag.py
[2024-12-04T18:34:32.564+0000] {processor.py:925} INFO - DAG(s) 'welcome_dag' retrieved from /opt/airflow/dags/welcome_dag.py
[2024-12-04T18:34:32.588+0000] {logging_mixin.py:190} INFO - [2024-12-04T18:34:32.588+0000] {dag.py:3239} INFO - Sync 1 DAGs
[2024-12-04T18:34:32.605+0000] {logging_mixin.py:190} INFO - [2024-12-04T18:34:32.605+0000] {dag.py:4180} INFO - Setting next_dagrun for welcome_dag to 2024-12-03 23:00:00+00:00, run_after=2024-12-04 23:00:00+00:00
[2024-12-04T18:34:32.619+0000] {processor.py:208} INFO - Processing /opt/airflow/dags/welcome_dag.py took 0.090 seconds
[2024-12-04T18:35:03.070+0000] {processor.py:186} INFO - Started process (PID=111) to work on /opt/airflow/dags/welcome_dag.py
[2024-12-04T18:35:03.071+0000] {processor.py:914} INFO - Processing file /opt/airflow/dags/welcome_dag.py for tasks to queue
[2024-12-04T18:35:03.074+0000] {logging_mixin.py:190} INFO - [2024-12-04T18:35:03.074+0000] {dagbag.py:588} INFO - Filling up the DagBag from /opt/airflow/dags/welcome_dag.py
[2024-12-04T18:35:03.109+0000] {processor.py:925} INFO - DAG(s) 'welcome_dag' retrieved from /opt/airflow/dags/welcome_dag.py
[2024-12-04T18:35:03.131+0000] {logging_mixin.py:190} INFO - [2024-12-04T18:35:03.130+0000] {dag.py:3239} INFO - Sync 1 DAGs
[2024-12-04T18:35:03.142+0000] {logging_mixin.py:190} INFO - [2024-12-04T18:35:03.142+0000] {dag.py:4180} INFO - Setting next_dagrun for welcome_dag to 2024-12-03 23:00:00+00:00, run_after=2024-12-04 23:00:00+00:00
[2024-12-04T18:35:03.157+0000] {processor.py:208} INFO - Processing /opt/airflow/dags/welcome_dag.py took 0.095 seconds
[2024-12-04T18:35:34.102+0000] {processor.py:186} INFO - Started process (PID=112) to work on /opt/airflow/dags/welcome_dag.py
[2024-12-04T18:35:34.108+0000] {processor.py:914} INFO - Processing file /opt/airflow/dags/welcome_dag.py for tasks to queue
[2024-12-04T18:35:34.111+0000] {logging_mixin.py:190} INFO - [2024-12-04T18:35:34.110+0000] {dagbag.py:588} INFO - Filling up the DagBag from /opt/airflow/dags/welcome_dag.py
[2024-12-04T18:35:34.135+0000] {processor.py:925} INFO - DAG(s) 'welcome_dag' retrieved from /opt/airflow/dags/welcome_dag.py
[2024-12-04T18:35:34.158+0000] {logging_mixin.py:190} INFO - [2024-12-04T18:35:34.158+0000] {dag.py:3239} INFO - Sync 1 DAGs
[2024-12-04T18:35:34.172+0000] {logging_mixin.py:190} INFO - [2024-12-04T18:35:34.172+0000] {dag.py:4180} INFO - Setting next_dagrun for welcome_dag to 2024-12-03 23:00:00+00:00, run_after=2024-12-04 23:00:00+00:00
[2024-12-04T18:35:34.187+0000] {processor.py:208} INFO - Processing /opt/airflow/dags/welcome_dag.py took 0.099 seconds
[2024-12-04T18:36:04.582+0000] {processor.py:186} INFO - Started process (PID=113) to work on /opt/airflow/dags/welcome_dag.py
[2024-12-04T18:36:04.583+0000] {processor.py:914} INFO - Processing file /opt/airflow/dags/welcome_dag.py for tasks to queue
[2024-12-04T18:36:04.587+0000] {logging_mixin.py:190} INFO - [2024-12-04T18:36:04.586+0000] {dagbag.py:588} INFO - Filling up the DagBag from /opt/airflow/dags/welcome_dag.py
[2024-12-04T18:36:04.614+0000] {processor.py:925} INFO - DAG(s) 'welcome_dag' retrieved from /opt/airflow/dags/welcome_dag.py
[2024-12-04T18:36:04.635+0000] {logging_mixin.py:190} INFO - [2024-12-04T18:36:04.635+0000] {dag.py:3239} INFO - Sync 1 DAGs
[2024-12-04T18:36:04.649+0000] {logging_mixin.py:190} INFO - [2024-12-04T18:36:04.649+0000] {dag.py:4180} INFO - Setting next_dagrun for welcome_dag to 2024-12-03 23:00:00+00:00, run_after=2024-12-04 23:00:00+00:00
[2024-12-04T18:36:04.663+0000] {processor.py:208} INFO - Processing /opt/airflow/dags/welcome_dag.py took 0.090 seconds
[2024-12-04T18:36:28.934+0000] {processor.py:186} INFO - Started process (PID=114) to work on /opt/airflow/dags/welcome_dag.py
[2024-12-04T18:36:28.936+0000] {processor.py:914} INFO - Processing file /opt/airflow/dags/welcome_dag.py for tasks to queue
[2024-12-04T18:36:28.941+0000] {logging_mixin.py:190} INFO - [2024-12-04T18:36:28.940+0000] {dagbag.py:588} INFO - Filling up the DagBag from /opt/airflow/dags/welcome_dag.py
[2024-12-04T18:36:28.970+0000] {processor.py:925} INFO - DAG(s) 'welcome_dag' retrieved from /opt/airflow/dags/welcome_dag.py
[2024-12-04T18:36:28.990+0000] {logging_mixin.py:190} INFO - [2024-12-04T18:36:28.990+0000] {dag.py:3239} INFO - Sync 1 DAGs
[2024-12-04T18:36:29.005+0000] {logging_mixin.py:190} INFO - [2024-12-04T18:36:29.005+0000] {dag.py:4180} INFO - Setting next_dagrun for welcome_dag to 2024-12-03 23:00:00+00:00, run_after=2024-12-04 23:00:00+00:00
[2024-12-04T18:36:29.022+0000] {processor.py:208} INFO - Processing /opt/airflow/dags/welcome_dag.py took 0.099 seconds
[2024-12-04T18:36:59.417+0000] {processor.py:186} INFO - Started process (PID=115) to work on /opt/airflow/dags/welcome_dag.py
[2024-12-04T18:36:59.419+0000] {processor.py:914} INFO - Processing file /opt/airflow/dags/welcome_dag.py for tasks to queue
[2024-12-04T18:36:59.424+0000] {logging_mixin.py:190} INFO - [2024-12-04T18:36:59.423+0000] {dagbag.py:588} INFO - Filling up the DagBag from /opt/airflow/dags/welcome_dag.py
[2024-12-04T18:36:59.444+0000] {processor.py:925} INFO - DAG(s) 'welcome_dag' retrieved from /opt/airflow/dags/welcome_dag.py
[2024-12-04T18:36:59.460+0000] {logging_mixin.py:190} INFO - [2024-12-04T18:36:59.460+0000] {dag.py:3239} INFO - Sync 1 DAGs
[2024-12-04T18:36:59.472+0000] {logging_mixin.py:190} INFO - [2024-12-04T18:36:59.472+0000] {dag.py:4180} INFO - Setting next_dagrun for welcome_dag to 2024-12-03 23:00:00+00:00, run_after=2024-12-04 23:00:00+00:00
[2024-12-04T18:36:59.491+0000] {processor.py:208} INFO - Processing /opt/airflow/dags/welcome_dag.py took 0.081 seconds
[2024-12-04T18:37:27.933+0000] {processor.py:186} INFO - Started process (PID=116) to work on /opt/airflow/dags/welcome_dag.py
[2024-12-04T18:37:27.936+0000] {processor.py:914} INFO - Processing file /opt/airflow/dags/welcome_dag.py for tasks to queue
[2024-12-04T18:37:27.940+0000] {logging_mixin.py:190} INFO - [2024-12-04T18:37:27.939+0000] {dagbag.py:588} INFO - Filling up the DagBag from /opt/airflow/dags/welcome_dag.py
[2024-12-04T18:37:27.966+0000] {processor.py:925} INFO - DAG(s) 'welcome_dag' retrieved from /opt/airflow/dags/welcome_dag.py
[2024-12-04T18:37:27.988+0000] {logging_mixin.py:190} INFO - [2024-12-04T18:37:27.988+0000] {dag.py:3239} INFO - Sync 1 DAGs
[2024-12-04T18:37:28.002+0000] {logging_mixin.py:190} INFO - [2024-12-04T18:37:28.002+0000] {dag.py:4180} INFO - Setting next_dagrun for welcome_dag to 2024-12-03 23:00:00+00:00, run_after=2024-12-04 23:00:00+00:00
[2024-12-04T18:37:28.018+0000] {processor.py:208} INFO - Processing /opt/airflow/dags/welcome_dag.py took 0.095 seconds
[2024-12-04T18:37:58.432+0000] {processor.py:186} INFO - Started process (PID=150) to work on /opt/airflow/dags/welcome_dag.py
[2024-12-04T18:37:58.436+0000] {processor.py:914} INFO - Processing file /opt/airflow/dags/welcome_dag.py for tasks to queue
[2024-12-04T18:37:58.442+0000] {logging_mixin.py:190} INFO - [2024-12-04T18:37:58.441+0000] {dagbag.py:588} INFO - Filling up the DagBag from /opt/airflow/dags/welcome_dag.py
[2024-12-04T18:37:58.468+0000] {processor.py:925} INFO - DAG(s) 'welcome_dag' retrieved from /opt/airflow/dags/welcome_dag.py
[2024-12-04T18:37:58.501+0000] {logging_mixin.py:190} INFO - [2024-12-04T18:37:58.501+0000] {dag.py:3239} INFO - Sync 1 DAGs
[2024-12-04T18:37:58.524+0000] {logging_mixin.py:190} INFO - [2024-12-04T18:37:58.524+0000] {dag.py:4180} INFO - Setting next_dagrun for welcome_dag to 2024-12-03 23:00:00+00:00, run_after=2024-12-04 23:00:00+00:00
[2024-12-04T18:37:58.538+0000] {processor.py:208} INFO - Processing /opt/airflow/dags/welcome_dag.py took 0.116 seconds
[2024-12-04T18:38:28.833+0000] {processor.py:186} INFO - Started process (PID=151) to work on /opt/airflow/dags/welcome_dag.py
[2024-12-04T18:38:28.835+0000] {processor.py:914} INFO - Processing file /opt/airflow/dags/welcome_dag.py for tasks to queue
[2024-12-04T18:38:28.840+0000] {logging_mixin.py:190} INFO - [2024-12-04T18:38:28.839+0000] {dagbag.py:588} INFO - Filling up the DagBag from /opt/airflow/dags/welcome_dag.py
[2024-12-04T18:38:28.869+0000] {processor.py:925} INFO - DAG(s) 'welcome_dag' retrieved from /opt/airflow/dags/welcome_dag.py
[2024-12-04T18:38:28.892+0000] {logging_mixin.py:190} INFO - [2024-12-04T18:38:28.891+0000] {dag.py:3239} INFO - Sync 1 DAGs
[2024-12-04T18:38:28.903+0000] {logging_mixin.py:190} INFO - [2024-12-04T18:38:28.903+0000] {dag.py:4180} INFO - Setting next_dagrun for welcome_dag to 2024-12-03 23:00:00+00:00, run_after=2024-12-04 23:00:00+00:00
[2024-12-04T18:38:28.919+0000] {processor.py:208} INFO - Processing /opt/airflow/dags/welcome_dag.py took 0.096 seconds
[2024-12-04T18:38:59.316+0000] {processor.py:186} INFO - Started process (PID=152) to work on /opt/airflow/dags/welcome_dag.py
[2024-12-04T18:38:59.317+0000] {processor.py:914} INFO - Processing file /opt/airflow/dags/welcome_dag.py for tasks to queue
[2024-12-04T18:38:59.322+0000] {logging_mixin.py:190} INFO - [2024-12-04T18:38:59.321+0000] {dagbag.py:588} INFO - Filling up the DagBag from /opt/airflow/dags/welcome_dag.py
[2024-12-04T18:38:59.352+0000] {processor.py:925} INFO - DAG(s) 'welcome_dag' retrieved from /opt/airflow/dags/welcome_dag.py
[2024-12-04T18:38:59.373+0000] {logging_mixin.py:190} INFO - [2024-12-04T18:38:59.373+0000] {dag.py:3239} INFO - Sync 1 DAGs
[2024-12-04T18:38:59.386+0000] {logging_mixin.py:190} INFO - [2024-12-04T18:38:59.386+0000] {dag.py:4180} INFO - Setting next_dagrun for welcome_dag to 2024-12-03 23:00:00+00:00, run_after=2024-12-04 23:00:00+00:00
[2024-12-04T18:38:59.398+0000] {processor.py:208} INFO - Processing /opt/airflow/dags/welcome_dag.py took 0.095 seconds
[2024-12-04T18:39:23.616+0000] {processor.py:186} INFO - Started process (PID=153) to work on /opt/airflow/dags/welcome_dag.py
[2024-12-04T18:39:23.618+0000] {processor.py:914} INFO - Processing file /opt/airflow/dags/welcome_dag.py for tasks to queue
[2024-12-04T18:39:23.623+0000] {logging_mixin.py:190} INFO - [2024-12-04T18:39:23.622+0000] {dagbag.py:588} INFO - Filling up the DagBag from /opt/airflow/dags/welcome_dag.py
[2024-12-04T18:39:23.660+0000] {processor.py:925} INFO - DAG(s) 'welcome_dag' retrieved from /opt/airflow/dags/welcome_dag.py
[2024-12-04T18:39:23.682+0000] {logging_mixin.py:190} INFO - [2024-12-04T18:39:23.682+0000] {dag.py:3239} INFO - Sync 1 DAGs
[2024-12-04T18:39:23.694+0000] {logging_mixin.py:190} INFO - [2024-12-04T18:39:23.694+0000] {dag.py:4180} INFO - Setting next_dagrun for welcome_dag to 2024-12-03 23:00:00+00:00, run_after=2024-12-04 23:00:00+00:00
[2024-12-04T18:39:23.708+0000] {processor.py:208} INFO - Processing /opt/airflow/dags/welcome_dag.py took 0.103 seconds
[2024-12-04T18:39:54.100+0000] {processor.py:186} INFO - Started process (PID=154) to work on /opt/airflow/dags/welcome_dag.py
[2024-12-04T18:39:54.102+0000] {processor.py:914} INFO - Processing file /opt/airflow/dags/welcome_dag.py for tasks to queue
[2024-12-04T18:39:54.112+0000] {logging_mixin.py:190} INFO - [2024-12-04T18:39:54.111+0000] {dagbag.py:588} INFO - Filling up the DagBag from /opt/airflow/dags/welcome_dag.py
[2024-12-04T18:39:54.132+0000] {processor.py:925} INFO - DAG(s) 'welcome_dag' retrieved from /opt/airflow/dags/welcome_dag.py
[2024-12-04T18:39:54.149+0000] {logging_mixin.py:190} INFO - [2024-12-04T18:39:54.149+0000] {dag.py:3239} INFO - Sync 1 DAGs
[2024-12-04T18:39:54.161+0000] {logging_mixin.py:190} INFO - [2024-12-04T18:39:54.161+0000] {dag.py:4180} INFO - Setting next_dagrun for welcome_dag to 2024-12-03 23:00:00+00:00, run_after=2024-12-04 23:00:00+00:00
[2024-12-04T18:39:54.175+0000] {processor.py:208} INFO - Processing /opt/airflow/dags/welcome_dag.py took 0.089 seconds
[2024-12-04T18:39:57.831+0000] {processor.py:186} INFO - Started process (PID=155) to work on /opt/airflow/dags/welcome_dag.py
[2024-12-04T18:39:57.833+0000] {processor.py:914} INFO - Processing file /opt/airflow/dags/welcome_dag.py for tasks to queue
[2024-12-04T18:39:57.839+0000] {logging_mixin.py:190} INFO - [2024-12-04T18:39:57.838+0000] {dagbag.py:588} INFO - Filling up the DagBag from /opt/airflow/dags/welcome_dag.py
[2024-12-04T18:39:57.863+0000] {processor.py:925} INFO - DAG(s) 'welcome_dag' retrieved from /opt/airflow/dags/welcome_dag.py
[2024-12-04T18:39:57.880+0000] {logging_mixin.py:190} INFO - [2024-12-04T18:39:57.880+0000] {dag.py:3239} INFO - Sync 1 DAGs
[2024-12-04T18:39:57.897+0000] {logging_mixin.py:190} INFO - [2024-12-04T18:39:57.897+0000] {dag.py:4180} INFO - Setting next_dagrun for welcome_dag to 2024-12-03 23:00:00+00:00, run_after=2024-12-04 23:00:00+00:00
[2024-12-04T18:39:57.912+0000] {processor.py:208} INFO - Processing /opt/airflow/dags/welcome_dag.py took 0.092 seconds
[2024-12-04T18:40:28.500+0000] {processor.py:186} INFO - Started process (PID=156) to work on /opt/airflow/dags/welcome_dag.py
[2024-12-04T18:40:28.502+0000] {processor.py:914} INFO - Processing file /opt/airflow/dags/welcome_dag.py for tasks to queue
[2024-12-04T18:40:28.505+0000] {logging_mixin.py:190} INFO - [2024-12-04T18:40:28.505+0000] {dagbag.py:588} INFO - Filling up the DagBag from /opt/airflow/dags/welcome_dag.py
[2024-12-04T18:40:28.527+0000] {processor.py:925} INFO - DAG(s) 'welcome_dag' retrieved from /opt/airflow/dags/welcome_dag.py
[2024-12-04T18:40:28.551+0000] {logging_mixin.py:190} INFO - [2024-12-04T18:40:28.550+0000] {dag.py:3239} INFO - Sync 1 DAGs
[2024-12-04T18:40:28.565+0000] {logging_mixin.py:190} INFO - [2024-12-04T18:40:28.565+0000] {dag.py:4180} INFO - Setting next_dagrun for welcome_dag to 2024-12-03 23:00:00+00:00, run_after=2024-12-04 23:00:00+00:00
[2024-12-04T18:40:28.583+0000] {processor.py:208} INFO - Processing /opt/airflow/dags/welcome_dag.py took 0.095 seconds
[2024-12-04T18:40:59.155+0000] {processor.py:186} INFO - Started process (PID=157) to work on /opt/airflow/dags/welcome_dag.py
[2024-12-04T18:40:59.156+0000] {processor.py:914} INFO - Processing file /opt/airflow/dags/welcome_dag.py for tasks to queue
[2024-12-04T18:40:59.160+0000] {logging_mixin.py:190} INFO - [2024-12-04T18:40:59.159+0000] {dagbag.py:588} INFO - Filling up the DagBag from /opt/airflow/dags/welcome_dag.py
[2024-12-04T18:40:59.189+0000] {processor.py:925} INFO - DAG(s) 'welcome_dag' retrieved from /opt/airflow/dags/welcome_dag.py
[2024-12-04T18:40:59.216+0000] {logging_mixin.py:190} INFO - [2024-12-04T18:40:59.216+0000] {dag.py:3239} INFO - Sync 1 DAGs
[2024-12-04T18:40:59.231+0000] {logging_mixin.py:190} INFO - [2024-12-04T18:40:59.231+0000] {dag.py:4180} INFO - Setting next_dagrun for welcome_dag to 2024-12-03 23:00:00+00:00, run_after=2024-12-04 23:00:00+00:00
[2024-12-04T18:40:59.245+0000] {processor.py:208} INFO - Processing /opt/airflow/dags/welcome_dag.py took 0.100 seconds
[2024-12-04T18:41:29.436+0000] {processor.py:186} INFO - Started process (PID=158) to work on /opt/airflow/dags/welcome_dag.py
[2024-12-04T18:41:29.440+0000] {processor.py:914} INFO - Processing file /opt/airflow/dags/welcome_dag.py for tasks to queue
[2024-12-04T18:41:29.449+0000] {logging_mixin.py:190} INFO - [2024-12-04T18:41:29.448+0000] {dagbag.py:588} INFO - Filling up the DagBag from /opt/airflow/dags/welcome_dag.py
[2024-12-04T18:41:29.501+0000] {processor.py:925} INFO - DAG(s) 'welcome_dag' retrieved from /opt/airflow/dags/welcome_dag.py
[2024-12-04T18:41:29.548+0000] {logging_mixin.py:190} INFO - [2024-12-04T18:41:29.547+0000] {dag.py:3239} INFO - Sync 1 DAGs
[2024-12-04T18:41:29.566+0000] {logging_mixin.py:190} INFO - [2024-12-04T18:41:29.566+0000] {dag.py:4180} INFO - Setting next_dagrun for welcome_dag to 2024-12-03 23:00:00+00:00, run_after=2024-12-04 23:00:00+00:00
[2024-12-04T18:41:29.579+0000] {processor.py:208} INFO - Processing /opt/airflow/dags/welcome_dag.py took 0.161 seconds
[2024-12-04T18:42:00.412+0000] {processor.py:186} INFO - Started process (PID=159) to work on /opt/airflow/dags/welcome_dag.py
[2024-12-04T18:42:00.413+0000] {processor.py:914} INFO - Processing file /opt/airflow/dags/welcome_dag.py for tasks to queue
[2024-12-04T18:42:00.417+0000] {logging_mixin.py:190} INFO - [2024-12-04T18:42:00.416+0000] {dagbag.py:588} INFO - Filling up the DagBag from /opt/airflow/dags/welcome_dag.py
[2024-12-04T18:42:00.440+0000] {processor.py:925} INFO - DAG(s) 'welcome_dag' retrieved from /opt/airflow/dags/welcome_dag.py
[2024-12-04T18:42:00.465+0000] {logging_mixin.py:190} INFO - [2024-12-04T18:42:00.465+0000] {dag.py:3239} INFO - Sync 1 DAGs
[2024-12-04T18:42:00.477+0000] {logging_mixin.py:190} INFO - [2024-12-04T18:42:00.477+0000] {dag.py:4180} INFO - Setting next_dagrun for welcome_dag to 2024-12-03 23:00:00+00:00, run_after=2024-12-04 23:00:00+00:00
[2024-12-04T18:42:00.489+0000] {processor.py:208} INFO - Processing /opt/airflow/dags/welcome_dag.py took 0.093 seconds
[2024-12-04T18:42:31.049+0000] {processor.py:186} INFO - Started process (PID=160) to work on /opt/airflow/dags/welcome_dag.py
[2024-12-04T18:42:31.050+0000] {processor.py:914} INFO - Processing file /opt/airflow/dags/welcome_dag.py for tasks to queue
[2024-12-04T18:42:31.058+0000] {logging_mixin.py:190} INFO - [2024-12-04T18:42:31.057+0000] {dagbag.py:588} INFO - Filling up the DagBag from /opt/airflow/dags/welcome_dag.py
[2024-12-04T18:42:31.092+0000] {processor.py:925} INFO - DAG(s) 'welcome_dag' retrieved from /opt/airflow/dags/welcome_dag.py
[2024-12-04T18:42:31.117+0000] {logging_mixin.py:190} INFO - [2024-12-04T18:42:31.117+0000] {dag.py:3239} INFO - Sync 1 DAGs
[2024-12-04T18:42:31.130+0000] {logging_mixin.py:190} INFO - [2024-12-04T18:42:31.130+0000] {dag.py:4180} INFO - Setting next_dagrun for welcome_dag to 2024-12-03 23:00:00+00:00, run_after=2024-12-04 23:00:00+00:00
[2024-12-04T18:42:31.149+0000] {processor.py:208} INFO - Processing /opt/airflow/dags/welcome_dag.py took 0.114 seconds
[2024-12-04T18:43:01.829+0000] {processor.py:186} INFO - Started process (PID=161) to work on /opt/airflow/dags/welcome_dag.py
[2024-12-04T18:43:01.831+0000] {processor.py:914} INFO - Processing file /opt/airflow/dags/welcome_dag.py for tasks to queue
[2024-12-04T18:43:01.835+0000] {logging_mixin.py:190} INFO - [2024-12-04T18:43:01.834+0000] {dagbag.py:588} INFO - Filling up the DagBag from /opt/airflow/dags/welcome_dag.py
[2024-12-04T18:43:01.873+0000] {processor.py:925} INFO - DAG(s) 'welcome_dag' retrieved from /opt/airflow/dags/welcome_dag.py
[2024-12-04T18:43:01.898+0000] {logging_mixin.py:190} INFO - [2024-12-04T18:43:01.897+0000] {dag.py:3239} INFO - Sync 1 DAGs
[2024-12-04T18:43:01.912+0000] {logging_mixin.py:190} INFO - [2024-12-04T18:43:01.912+0000] {dag.py:4180} INFO - Setting next_dagrun for welcome_dag to 2024-12-03 23:00:00+00:00, run_after=2024-12-04 23:00:00+00:00
[2024-12-04T18:43:01.927+0000] {processor.py:208} INFO - Processing /opt/airflow/dags/welcome_dag.py took 0.110 seconds
[2024-12-04T18:43:32.492+0000] {processor.py:186} INFO - Started process (PID=162) to work on /opt/airflow/dags/welcome_dag.py
[2024-12-04T18:43:32.495+0000] {processor.py:914} INFO - Processing file /opt/airflow/dags/welcome_dag.py for tasks to queue
[2024-12-04T18:43:32.502+0000] {logging_mixin.py:190} INFO - [2024-12-04T18:43:32.502+0000] {dagbag.py:588} INFO - Filling up the DagBag from /opt/airflow/dags/welcome_dag.py
[2024-12-04T18:43:32.529+0000] {processor.py:925} INFO - DAG(s) 'welcome_dag' retrieved from /opt/airflow/dags/welcome_dag.py
[2024-12-04T18:43:32.552+0000] {logging_mixin.py:190} INFO - [2024-12-04T18:43:32.552+0000] {dag.py:3239} INFO - Sync 1 DAGs
[2024-12-04T18:43:32.567+0000] {logging_mixin.py:190} INFO - [2024-12-04T18:43:32.567+0000] {dag.py:4180} INFO - Setting next_dagrun for welcome_dag to 2024-12-03 23:00:00+00:00, run_after=2024-12-04 23:00:00+00:00
[2024-12-04T18:43:32.583+0000] {processor.py:208} INFO - Processing /opt/airflow/dags/welcome_dag.py took 0.105 seconds
[2024-12-04T18:44:03.126+0000] {processor.py:186} INFO - Started process (PID=163) to work on /opt/airflow/dags/welcome_dag.py
[2024-12-04T18:44:03.128+0000] {processor.py:914} INFO - Processing file /opt/airflow/dags/welcome_dag.py for tasks to queue
[2024-12-04T18:44:03.134+0000] {logging_mixin.py:190} INFO - [2024-12-04T18:44:03.134+0000] {dagbag.py:588} INFO - Filling up the DagBag from /opt/airflow/dags/welcome_dag.py
[2024-12-04T18:44:03.160+0000] {processor.py:925} INFO - DAG(s) 'welcome_dag' retrieved from /opt/airflow/dags/welcome_dag.py
[2024-12-04T18:44:03.183+0000] {logging_mixin.py:190} INFO - [2024-12-04T18:44:03.183+0000] {dag.py:3239} INFO - Sync 1 DAGs
[2024-12-04T18:44:03.196+0000] {logging_mixin.py:190} INFO - [2024-12-04T18:44:03.196+0000] {dag.py:4180} INFO - Setting next_dagrun for welcome_dag to 2024-12-03 23:00:00+00:00, run_after=2024-12-04 23:00:00+00:00
[2024-12-04T18:44:03.210+0000] {processor.py:208} INFO - Processing /opt/airflow/dags/welcome_dag.py took 0.094 seconds
[2024-12-04T18:44:14.664+0000] {processor.py:186} INFO - Started process (PID=164) to work on /opt/airflow/dags/welcome_dag.py
[2024-12-04T18:44:14.671+0000] {processor.py:914} INFO - Processing file /opt/airflow/dags/welcome_dag.py for tasks to queue
[2024-12-04T18:44:14.678+0000] {logging_mixin.py:190} INFO - [2024-12-04T18:44:14.677+0000] {dagbag.py:588} INFO - Filling up the DagBag from /opt/airflow/dags/welcome_dag.py
[2024-12-04T18:44:14.711+0000] {processor.py:925} INFO - DAG(s) 'welcome_dag' retrieved from /opt/airflow/dags/welcome_dag.py
[2024-12-04T18:44:14.737+0000] {logging_mixin.py:190} INFO - [2024-12-04T18:44:14.737+0000] {dag.py:3239} INFO - Sync 1 DAGs
[2024-12-04T18:44:14.752+0000] {logging_mixin.py:190} INFO - [2024-12-04T18:44:14.752+0000] {dag.py:4180} INFO - Setting next_dagrun for welcome_dag to 2024-12-03 23:00:00+00:00, run_after=2024-12-04 23:00:00+00:00
[2024-12-04T18:44:14.771+0000] {processor.py:208} INFO - Processing /opt/airflow/dags/welcome_dag.py took 0.167 seconds
[2024-12-04T18:44:15.854+0000] {processor.py:186} INFO - Started process (PID=165) to work on /opt/airflow/dags/welcome_dag.py
[2024-12-04T18:44:15.856+0000] {processor.py:914} INFO - Processing file /opt/airflow/dags/welcome_dag.py for tasks to queue
[2024-12-04T18:44:15.860+0000] {logging_mixin.py:190} INFO - [2024-12-04T18:44:15.859+0000] {dagbag.py:588} INFO - Filling up the DagBag from /opt/airflow/dags/welcome_dag.py
[2024-12-04T18:44:15.878+0000] {processor.py:925} INFO - DAG(s) 'welcome_dag' retrieved from /opt/airflow/dags/welcome_dag.py
[2024-12-04T18:44:15.906+0000] {logging_mixin.py:190} INFO - [2024-12-04T18:44:15.906+0000] {dag.py:3239} INFO - Sync 1 DAGs
[2024-12-04T18:44:15.922+0000] {logging_mixin.py:190} INFO - [2024-12-04T18:44:15.922+0000] {dag.py:4180} INFO - Setting next_dagrun for welcome_dag to 2024-12-03 23:00:00+00:00, run_after=2024-12-04 23:00:00+00:00
[2024-12-04T18:44:15.938+0000] {processor.py:208} INFO - Processing /opt/airflow/dags/welcome_dag.py took 0.093 seconds
[2024-12-04T18:44:46.963+0000] {processor.py:186} INFO - Started process (PID=199) to work on /opt/airflow/dags/welcome_dag.py
[2024-12-04T18:44:46.965+0000] {processor.py:914} INFO - Processing file /opt/airflow/dags/welcome_dag.py for tasks to queue
[2024-12-04T18:44:46.972+0000] {logging_mixin.py:190} INFO - [2024-12-04T18:44:46.970+0000] {dagbag.py:588} INFO - Filling up the DagBag from /opt/airflow/dags/welcome_dag.py
[2024-12-04T18:44:47.004+0000] {processor.py:925} INFO - DAG(s) 'welcome_dag' retrieved from /opt/airflow/dags/welcome_dag.py
[2024-12-04T18:44:47.027+0000] {logging_mixin.py:190} INFO - [2024-12-04T18:44:47.027+0000] {dag.py:3239} INFO - Sync 1 DAGs
[2024-12-04T18:44:47.042+0000] {logging_mixin.py:190} INFO - [2024-12-04T18:44:47.042+0000] {dag.py:4180} INFO - Setting next_dagrun for welcome_dag to 2024-12-03 23:00:00+00:00, run_after=2024-12-04 23:00:00+00:00
[2024-12-04T18:44:47.061+0000] {processor.py:208} INFO - Processing /opt/airflow/dags/welcome_dag.py took 0.111 seconds
[2024-12-04T18:45:17.481+0000] {processor.py:186} INFO - Started process (PID=200) to work on /opt/airflow/dags/welcome_dag.py
[2024-12-04T18:45:17.482+0000] {processor.py:914} INFO - Processing file /opt/airflow/dags/welcome_dag.py for tasks to queue
[2024-12-04T18:45:17.487+0000] {logging_mixin.py:190} INFO - [2024-12-04T18:45:17.486+0000] {dagbag.py:588} INFO - Filling up the DagBag from /opt/airflow/dags/welcome_dag.py
[2024-12-04T18:45:17.509+0000] {processor.py:925} INFO - DAG(s) 'welcome_dag' retrieved from /opt/airflow/dags/welcome_dag.py
[2024-12-04T18:45:17.534+0000] {logging_mixin.py:190} INFO - [2024-12-04T18:45:17.534+0000] {dag.py:3239} INFO - Sync 1 DAGs
[2024-12-04T18:45:17.548+0000] {logging_mixin.py:190} INFO - [2024-12-04T18:45:17.547+0000] {dag.py:4180} INFO - Setting next_dagrun for welcome_dag to 2024-12-03 23:00:00+00:00, run_after=2024-12-04 23:00:00+00:00
[2024-12-04T18:45:17.560+0000] {processor.py:208} INFO - Processing /opt/airflow/dags/welcome_dag.py took 0.093 seconds
[2024-12-04T18:45:36.659+0000] {processor.py:186} INFO - Started process (PID=201) to work on /opt/airflow/dags/welcome_dag.py
[2024-12-04T18:45:36.660+0000] {processor.py:914} INFO - Processing file /opt/airflow/dags/welcome_dag.py for tasks to queue
[2024-12-04T18:45:36.665+0000] {logging_mixin.py:190} INFO - [2024-12-04T18:45:36.664+0000] {dagbag.py:588} INFO - Filling up the DagBag from /opt/airflow/dags/welcome_dag.py
[2024-12-04T18:45:36.700+0000] {processor.py:925} INFO - DAG(s) 'welcome_dag' retrieved from /opt/airflow/dags/welcome_dag.py
[2024-12-04T18:45:36.722+0000] {logging_mixin.py:190} INFO - [2024-12-04T18:45:36.722+0000] {dag.py:3239} INFO - Sync 1 DAGs
[2024-12-04T18:45:36.737+0000] {logging_mixin.py:190} INFO - [2024-12-04T18:45:36.737+0000] {dag.py:4180} INFO - Setting next_dagrun for welcome_dag to 2024-12-03 23:00:00+00:00, run_after=2024-12-04 23:00:00+00:00
[2024-12-04T18:45:36.750+0000] {processor.py:208} INFO - Processing /opt/airflow/dags/welcome_dag.py took 0.102 seconds
[2024-12-04T18:46:05.904+0000] {processor.py:186} INFO - Started process (PID=202) to work on /opt/airflow/dags/welcome_dag.py
[2024-12-04T18:46:05.905+0000] {processor.py:914} INFO - Processing file /opt/airflow/dags/welcome_dag.py for tasks to queue
[2024-12-04T18:46:05.911+0000] {logging_mixin.py:190} INFO - [2024-12-04T18:46:05.910+0000] {dagbag.py:588} INFO - Filling up the DagBag from /opt/airflow/dags/welcome_dag.py
[2024-12-04T18:46:05.945+0000] {processor.py:925} INFO - DAG(s) 'welcome_dag' retrieved from /opt/airflow/dags/welcome_dag.py
[2024-12-04T18:46:05.970+0000] {logging_mixin.py:190} INFO - [2024-12-04T18:46:05.970+0000] {dag.py:3239} INFO - Sync 1 DAGs
[2024-12-04T18:46:05.988+0000] {logging_mixin.py:190} INFO - [2024-12-04T18:46:05.988+0000] {dag.py:4180} INFO - Setting next_dagrun for welcome_dag to 2024-12-03 23:00:00+00:00, run_after=2024-12-04 23:00:00+00:00
[2024-12-04T18:46:06.003+0000] {processor.py:208} INFO - Processing /opt/airflow/dags/welcome_dag.py took 0.109 seconds
[2024-12-04T18:46:37.010+0000] {processor.py:186} INFO - Started process (PID=236) to work on /opt/airflow/dags/welcome_dag.py
[2024-12-04T18:46:37.011+0000] {processor.py:914} INFO - Processing file /opt/airflow/dags/welcome_dag.py for tasks to queue
[2024-12-04T18:46:37.020+0000] {logging_mixin.py:190} INFO - [2024-12-04T18:46:37.020+0000] {dagbag.py:588} INFO - Filling up the DagBag from /opt/airflow/dags/welcome_dag.py
[2024-12-04T18:46:37.050+0000] {processor.py:925} INFO - DAG(s) 'welcome_dag' retrieved from /opt/airflow/dags/welcome_dag.py
[2024-12-04T18:46:37.079+0000] {logging_mixin.py:190} INFO - [2024-12-04T18:46:37.079+0000] {dag.py:3239} INFO - Sync 1 DAGs
[2024-12-04T18:46:37.092+0000] {logging_mixin.py:190} INFO - [2024-12-04T18:46:37.092+0000] {dag.py:4180} INFO - Setting next_dagrun for welcome_dag to 2024-12-03 23:00:00+00:00, run_after=2024-12-04 23:00:00+00:00
[2024-12-04T18:46:37.130+0000] {processor.py:208} INFO - Processing /opt/airflow/dags/welcome_dag.py took 0.136 seconds
